\BOOKMARK [1][-]{section.1}{Introduction}{}% 1
\BOOKMARK [1][-]{section.2}{Design Goals}{}% 2
\BOOKMARK [2][-]{subsection.2.1}{Features}{section.2}% 3
\BOOKMARK [3][-]{section*.1}{Using the cpplab Framework.}{subsection.2.1}% 4
\BOOKMARK [4][-]{section*.2}{Compartments and Synapses.}{section*.1}% 5
\BOOKMARK [4][-]{section*.3}{Conductances and Controllers.}{section*.1}% 6
\BOOKMARK [4][-]{section*.4}{Creating Custom cpplab Objects.}{section*.1}% 7
\BOOKMARK [4][-]{section*.5}{Simulation.}{section*.1}% 8
\BOOKMARK [4][-]{section*.6}{Using the graphical interface to manipulate parameters.}{section*.1}% 9
\BOOKMARK [2][-]{subsection.2.2}{Limitations}{section.2}% 10
\BOOKMARK [1][-]{section.3}{Usage Examples}{}% 11
\BOOKMARK [2][-]{subsection.3.1}{Simulating a Hodgkin-Huxley Model}{section.3}% 12
\BOOKMARK [2][-]{subsection.3.2}{Performing a Voltage Clamp Experiment in-silico}{section.3}% 13
\BOOKMARK [2][-]{subsection.3.3}{Simulating Network Models}{section.3}% 14
\BOOKMARK [2][-]{subsection.3.4}{Simulating Integral Control}{section.3}% 15
\BOOKMARK [1][-]{section.4}{Benchmarks}{}% 16
\BOOKMARK [1][-]{section.5}{Discussion}{}% 17
\BOOKMARK [2][-]{subsection.5.1}{Reproducibility}{section.5}% 18
\BOOKMARK [2][-]{subsection.5.2}{Circumventing Language Tradeoffs}{section.5}% 19
\BOOKMARK [2][-]{subsection.5.3}{Applications of cpplab}{section.5}% 20
\BOOKMARK [1][-]{section.6}{Technical Details}{}% 21
\BOOKMARK [2][-]{subsection.6.1}{Benchmarking}{section.6}% 22
